DEBUG: find the following interfaces:  h2-eth0.
Routing table of 1 entries has been loaded.
DEBUG: 10.0.0.2:12345 switch state, from CLOSED to SYN_SENT.
DEBUG: 10.0.0.2:12345 switch state, from SYN_SENT to ESTABLISHED.
DEBUG: send: 10000, remain: 4042632, total: (10000/4052632)
DEBUG: send: 10000, remain: 4032632, total: (20000/4052632)
DEBUG: send: 10000, remain: 4022632, total: (30000/4052632)
DEBUG: send: 10000, remain: 4012632, total: (40000/4052632)
DEBUG: send: 10000, remain: 4002632, total: (50000/4052632)
DEBUG: retrans time: 1

DEBUG: send: 10000, remain: 3992632, total: (60000/4052632)
DEBUG: send: 10000, remain: 3982632, total: (70000/4052632)
DEBUG: send: 10000, remain: 3972632, total: (80000/4052632)
DEBUG: send: 10000, remain: 3962632, total: (90000/4052632)
DEBUG: send: 10000, remain: 3952632, total: (100000/4052632)
DEBUG: send: 10000, remain: 3942632, total: (110000/4052632)
DEBUG: send: 10000, remain: 3932632, total: (120000/4052632)
DEBUG: send: 10000, remain: 3922632, total: (130000/4052632)
DEBUG: send: 10000, remain: 3912632, total: (140000/4052632)
DEBUG: send: 10000, remain: 3902632, total: (150000/4052632)
DEBUG: send: 10000, remain: 3892632, total: (160000/4052632)
DEBUG: send: 10000, remain: 3882632, total: (170000/4052632)
DEBUG: send: 10000, remain: 3872632, total: (180000/4052632)
DEBUG: send: 10000, remain: 3862632, total: (190000/4052632)
DEBUG: send: 10000, remain: 3852632, total: (200000/4052632)
DEBUG: send: 10000, remain: 3842632, total: (210000/4052632)
DEBUG: send: 10000, remain: 3832632, total: (220000/4052632)
DEBUG: send: 10000, remain: 3822632, total: (230000/4052632)
DEBUG: send: 10000, remain: 3812632, total: (240000/4052632)
DEBUG: send: 10000, remain: 3802632, total: (250000/4052632)
DEBUG: send: 10000, remain: 3792632, total: (260000/4052632)
DEBUG: send: 10000, remain: 3782632, total: (270000/4052632)
DEBUG: send: 10000, remain: 3772632, total: (280000/4052632)
DEBUG: send: 10000, remain: 3762632, total: (290000/4052632)
DEBUG: send: 10000, remain: 3752632, total: (300000/4052632)
DEBUG: send: 10000, remain: 3742632, total: (310000/4052632)
DEBUG: send: 10000, remain: 3732632, total: (320000/4052632)
DEBUG: retrans time: 1

DEBUG: send: 10000, remain: 3722632, total: (330000/4052632)
DEBUG: send: 10000, remain: 3712632, total: (340000/4052632)
DEBUG: send: 10000, remain: 3702632, total: (350000/4052632)
DEBUG: send: 10000, remain: 3692632, total: (360000/4052632)
DEBUG: send: 10000, remain: 3682632, total: (370000/4052632)
DEBUG: send: 10000, remain: 3672632, total: (380000/4052632)
DEBUG: send: 10000, remain: 3662632, total: (390000/4052632)
DEBUG: send: 10000, remain: 3652632, total: (400000/4052632)
DEBUG: send: 10000, remain: 3642632, total: (410000/4052632)
DEBUG: send: 10000, remain: 3632632, total: (420000/4052632)
DEBUG: send: 10000, remain: 3622632, total: (430000/4052632)
DEBUG: send: 10000, remain: 3612632, total: (440000/4052632)
DEBUG: send: 10000, remain: 3602632, total: (450000/4052632)
DEBUG: retrans time: 1

DEBUG: send: 10000, remain: 3592632, total: (460000/4052632)
DEBUG: send: 10000, remain: 3582632, total: (470000/4052632)
DEBUG: send: 10000, remain: 3572632, total: (480000/4052632)
DEBUG: send: 10000, remain: 3562632, total: (490000/4052632)
DEBUG: retrans time: 1

DEBUG: send: 10000, remain: 3552632, total: (500000/4052632)
DEBUG: send: 10000, remain: 3542632, total: (510000/4052632)
DEBUG: send: 10000, remain: 3532632, total: (520000/4052632)
DEBUG: send: 10000, remain: 3522632, total: (530000/4052632)
DEBUG: send: 10000, remain: 3512632, total: (540000/4052632)
DEBUG: send: 10000, remain: 3502632, total: (550000/4052632)
DEBUG: send: 10000, remain: 3492632, total: (560000/4052632)
DEBUG: send: 10000, remain: 3482632, total: (570000/4052632)
DEBUG: send: 10000, remain: 3472632, total: (580000/4052632)
DEBUG: send: 10000, remain: 3462632, total: (590000/4052632)
DEBUG: send: 10000, remain: 3452632, total: (600000/4052632)
DEBUG: send: 10000, remain: 3442632, total: (610000/4052632)
DEBUG: send: 10000, remain: 3432632, total: (620000/4052632)
DEBUG: send: 10000, remain: 3422632, total: (630000/4052632)
DEBUG: send: 10000, remain: 3412632, total: (640000/4052632)
DEBUG: send: 10000, remain: 3402632, total: (650000/4052632)
DEBUG: send: 10000, remain: 3392632, total: (660000/4052632)
DEBUG: send: 10000, remain: 3382632, total: (670000/4052632)
DEBUG: send: 10000, remain: 3372632, total: (680000/4052632)
DEBUG: send: 10000, remain: 3362632, total: (690000/4052632)
DEBUG: send: 10000, remain: 3352632, total: (700000/4052632)
DEBUG: send: 10000, remain: 3342632, total: (710000/4052632)
DEBUG: send: 10000, remain: 3332632, total: (720000/4052632)
DEBUG: send: 10000, remain: 3322632, total: (730000/4052632)
DEBUG: send: 10000, remain: 3312632, total: (740000/4052632)
DEBUG: send: 10000, remain: 3302632, total: (750000/4052632)
DEBUG: send: 10000, remain: 3292632, total: (760000/4052632)
DEBUG: retrans time: 1

DEBUG: send: 10000, remain: 3282632, total: (770000/4052632)
DEBUG: send: 10000, remain: 3272632, total: (780000/4052632)
DEBUG: send: 10000, remain: 3262632, total: (790000/4052632)
DEBUG: send: 10000, remain: 3252632, total: (800000/4052632)
DEBUG: send: 10000, remain: 3242632, total: (810000/4052632)
DEBUG: send: 10000, remain: 3232632, total: (820000/4052632)
DEBUG: send: 10000, remain: 3222632, total: (830000/4052632)
DEBUG: send: 10000, remain: 3212632, total: (840000/4052632)
DEBUG: send: 10000, remain: 3202632, total: (850000/4052632)
DEBUG: send: 10000, remain: 3192632, total: (860000/4052632)
DEBUG: send: 10000, remain: 3182632, total: (870000/4052632)
DEBUG: send: 10000, remain: 3172632, total: (880000/4052632)
DEBUG: send: 10000, remain: 3162632, total: (890000/4052632)
DEBUG: send: 10000, remain: 3152632, total: (900000/4052632)
DEBUG: send: 10000, remain: 3142632, total: (910000/4052632)
DEBUG: send: 10000, remain: 3132632, total: (920000/4052632)
DEBUG: send: 10000, remain: 3122632, total: (930000/4052632)
DEBUG: send: 10000, remain: 3112632, total: (940000/4052632)
DEBUG: send: 10000, remain: 3102632, total: (950000/4052632)
DEBUG: send: 10000, remain: 3092632, total: (960000/4052632)
DEBUG: send: 10000, remain: 3082632, total: (970000/4052632)
DEBUG: send: 10000, remain: 3072632, total: (980000/4052632)
DEBUG: send: 10000, remain: 3062632, total: (990000/4052632)
DEBUG: send: 10000, remain: 3052632, total: (1000000/4052632)
DEBUG: send: 10000, remain: 3042632, total: (1010000/4052632)
DEBUG: send: 10000, remain: 3032632, total: (1020000/4052632)
DEBUG: send: 10000, remain: 3022632, total: (1030000/4052632)
DEBUG: send: 10000, remain: 3012632, total: (1040000/4052632)
DEBUG: send: 10000, remain: 3002632, total: (1050000/4052632)
DEBUG: send: 10000, remain: 2992632, total: (1060000/4052632)
DEBUG: send: 10000, remain: 2982632, total: (1070000/4052632)
DEBUG: send: 10000, remain: 2972632, total: (1080000/4052632)
DEBUG: send: 10000, remain: 2962632, total: (1090000/4052632)
DEBUG: send: 10000, remain: 2952632, total: (1100000/4052632)
DEBUG: send: 10000, remain: 2942632, total: (1110000/4052632)
DEBUG: send: 10000, remain: 2932632, total: (1120000/4052632)
DEBUG: send: 10000, remain: 2922632, total: (1130000/4052632)
DEBUG: send: 10000, remain: 2912632, total: (1140000/4052632)
DEBUG: send: 10000, remain: 2902632, total: (1150000/4052632)
DEBUG: retrans time: 1

DEBUG: send: 10000, remain: 2892632, total: (1160000/4052632)
DEBUG: send: 10000, remain: 2882632, total: (1170000/4052632)
DEBUG: retrans time: 1

DEBUG: send: 10000, remain: 2872632, total: (1180000/4052632)
DEBUG: send: 10000, remain: 2862632, total: (1190000/4052632)
DEBUG: send: 10000, remain: 2852632, total: (1200000/4052632)
DEBUG: send: 10000, remain: 2842632, total: (1210000/4052632)
DEBUG: send: 10000, remain: 2832632, total: (1220000/4052632)
DEBUG: send: 10000, remain: 2822632, total: (1230000/4052632)
DEBUG: send: 10000, remain: 2812632, total: (1240000/4052632)
DEBUG: send: 10000, remain: 2802632, total: (1250000/4052632)
DEBUG: send: 10000, remain: 2792632, total: (1260000/4052632)
DEBUG: send: 10000, remain: 2782632, total: (1270000/4052632)
DEBUG: send: 10000, remain: 2772632, total: (1280000/4052632)
DEBUG: send: 10000, remain: 2762632, total: (1290000/4052632)
DEBUG: send: 10000, remain: 2752632, total: (1300000/4052632)
DEBUG: send: 10000, remain: 2742632, total: (1310000/4052632)
DEBUG: send: 10000, remain: 2732632, total: (1320000/4052632)
DEBUG: send: 10000, remain: 2722632, total: (1330000/4052632)
DEBUG: send: 10000, remain: 2712632, total: (1340000/4052632)
DEBUG: send: 10000, remain: 2702632, total: (1350000/4052632)
DEBUG: send: 10000, remain: 2692632, total: (1360000/4052632)
DEBUG: retrans time: 1

DEBUG: send: 10000, remain: 2682632, total: (1370000/4052632)
DEBUG: send: 10000, remain: 2672632, total: (1380000/4052632)
DEBUG: send: 10000, remain: 2662632, total: (1390000/4052632)
DEBUG: send: 10000, remain: 2652632, total: (1400000/4052632)
DEBUG: send: 10000, remain: 2642632, total: (1410000/4052632)
DEBUG: send: 10000, remain: 2632632, total: (1420000/4052632)
DEBUG: retrans time: 1

DEBUG: send: 10000, remain: 2622632, total: (1430000/4052632)
DEBUG: send: 10000, remain: 2612632, total: (1440000/4052632)
DEBUG: send: 10000, remain: 2602632, total: (1450000/4052632)
DEBUG: send: 10000, remain: 2592632, total: (1460000/4052632)
DEBUG: send: 10000, remain: 2582632, total: (1470000/4052632)
DEBUG: retrans time: 1

DEBUG: send: 10000, remain: 2572632, total: (1480000/4052632)
DEBUG: send: 10000, remain: 2562632, total: (1490000/4052632)
DEBUG: send: 10000, remain: 2552632, total: (1500000/4052632)
DEBUG: send: 10000, remain: 2542632, total: (1510000/4052632)
DEBUG: send: 10000, remain: 2532632, total: (1520000/4052632)
DEBUG: send: 10000, remain: 2522632, total: (1530000/4052632)
DEBUG: send: 10000, remain: 2512632, total: (1540000/4052632)
DEBUG: send: 10000, remain: 2502632, total: (1550000/4052632)
DEBUG: retrans time: 1

DEBUG: send: 10000, remain: 2492632, total: (1560000/4052632)
DEBUG: send: 10000, remain: 2482632, total: (1570000/4052632)
DEBUG: send: 10000, remain: 2472632, total: (1580000/4052632)
DEBUG: send: 10000, remain: 2462632, total: (1590000/4052632)
DEBUG: send: 10000, remain: 2452632, total: (1600000/4052632)
DEBUG: send: 10000, remain: 2442632, total: (1610000/4052632)
DEBUG: send: 10000, remain: 2432632, total: (1620000/4052632)
DEBUG: send: 10000, remain: 2422632, total: (1630000/4052632)
DEBUG: send: 10000, remain: 2412632, total: (1640000/4052632)
DEBUG: send: 10000, remain: 2402632, total: (1650000/4052632)
DEBUG: send: 10000, remain: 2392632, total: (1660000/4052632)
DEBUG: send: 10000, remain: 2382632, total: (1670000/4052632)
DEBUG: send: 10000, remain: 2372632, total: (1680000/4052632)
DEBUG: send: 10000, remain: 2362632, total: (1690000/4052632)
DEBUG: send: 10000, remain: 2352632, total: (1700000/4052632)
DEBUG: send: 10000, remain: 2342632, total: (1710000/4052632)
DEBUG: send: 10000, remain: 2332632, total: (1720000/4052632)
DEBUG: send: 10000, remain: 2322632, total: (1730000/4052632)
DEBUG: send: 10000, remain: 2312632, total: (1740000/4052632)
DEBUG: send: 10000, remain: 2302632, total: (1750000/4052632)
DEBUG: send: 10000, remain: 2292632, total: (1760000/4052632)
DEBUG: send: 10000, remain: 2282632, total: (1770000/4052632)
DEBUG: send: 10000, remain: 2272632, total: (1780000/4052632)
DEBUG: send: 10000, remain: 2262632, total: (1790000/4052632)
DEBUG: send: 10000, remain: 2252632, total: (1800000/4052632)
DEBUG: send: 10000, remain: 2242632, total: (1810000/4052632)
DEBUG: send: 10000, remain: 2232632, total: (1820000/4052632)
DEBUG: send: 10000, remain: 2222632, total: (1830000/4052632)
DEBUG: retrans time: 1

DEBUG: send: 10000, remain: 2212632, total: (1840000/4052632)
DEBUG: send: 10000, remain: 2202632, total: (1850000/4052632)
DEBUG: send: 10000, remain: 2192632, total: (1860000/4052632)
DEBUG: send: 10000, remain: 2182632, total: (1870000/4052632)
DEBUG: send: 10000, remain: 2172632, total: (1880000/4052632)
DEBUG: send: 10000, remain: 2162632, total: (1890000/4052632)
DEBUG: send: 10000, remain: 2152632, total: (1900000/4052632)
DEBUG: send: 10000, remain: 2142632, total: (1910000/4052632)
DEBUG: send: 10000, remain: 2132632, total: (1920000/4052632)
DEBUG: send: 10000, remain: 2122632, total: (1930000/4052632)
DEBUG: send: 10000, remain: 2112632, total: (1940000/4052632)
DEBUG: send: 10000, remain: 2102632, total: (1950000/4052632)
DEBUG: send: 10000, remain: 2092632, total: (1960000/4052632)
DEBUG: send: 10000, remain: 2082632, total: (1970000/4052632)
DEBUG: send: 10000, remain: 2072632, total: (1980000/4052632)
DEBUG: send: 10000, remain: 2062632, total: (1990000/4052632)
DEBUG: send: 10000, remain: 2052632, total: (2000000/4052632)
DEBUG: send: 10000, remain: 2042632, total: (2010000/4052632)
DEBUG: send: 10000, remain: 2032632, total: (2020000/4052632)
DEBUG: send: 10000, remain: 2022632, total: (2030000/4052632)
DEBUG: send: 10000, remain: 2012632, total: (2040000/4052632)
DEBUG: retrans time: 1

DEBUG: send: 10000, remain: 2002632, total: (2050000/4052632)
DEBUG: send: 10000, remain: 1992632, total: (2060000/4052632)
DEBUG: send: 10000, remain: 1982632, total: (2070000/4052632)
DEBUG: send: 10000, remain: 1972632, total: (2080000/4052632)
DEBUG: send: 10000, remain: 1962632, total: (2090000/4052632)
DEBUG: send: 10000, remain: 1952632, total: (2100000/4052632)
DEBUG: send: 10000, remain: 1942632, total: (2110000/4052632)
DEBUG: send: 10000, remain: 1932632, total: (2120000/4052632)
DEBUG: send: 10000, remain: 1922632, total: (2130000/4052632)
DEBUG: send: 10000, remain: 1912632, total: (2140000/4052632)
DEBUG: send: 10000, remain: 1902632, total: (2150000/4052632)
DEBUG: send: 10000, remain: 1892632, total: (2160000/4052632)
DEBUG: retrans time: 1

DEBUG: send: 10000, remain: 1882632, total: (2170000/4052632)
DEBUG: send: 10000, remain: 1872632, total: (2180000/4052632)
DEBUG: send: 10000, remain: 1862632, total: (2190000/4052632)
DEBUG: send: 10000, remain: 1852632, total: (2200000/4052632)
DEBUG: send: 10000, remain: 1842632, total: (2210000/4052632)
DEBUG: send: 10000, remain: 1832632, total: (2220000/4052632)
DEBUG: send: 10000, remain: 1822632, total: (2230000/4052632)
DEBUG: send: 10000, remain: 1812632, total: (2240000/4052632)
DEBUG: send: 10000, remain: 1802632, total: (2250000/4052632)
DEBUG: send: 10000, remain: 1792632, total: (2260000/4052632)
DEBUG: send: 10000, remain: 1782632, total: (2270000/4052632)
DEBUG: send: 10000, remain: 1772632, total: (2280000/4052632)
DEBUG: send: 10000, remain: 1762632, total: (2290000/4052632)
DEBUG: send: 10000, remain: 1752632, total: (2300000/4052632)
DEBUG: send: 10000, remain: 1742632, total: (2310000/4052632)
DEBUG: send: 10000, remain: 1732632, total: (2320000/4052632)
DEBUG: send: 10000, remain: 1722632, total: (2330000/4052632)
DEBUG: send: 10000, remain: 1712632, total: (2340000/4052632)
DEBUG: send: 10000, remain: 1702632, total: (2350000/4052632)
DEBUG: send: 10000, remain: 1692632, total: (2360000/4052632)
DEBUG: send: 10000, remain: 1682632, total: (2370000/4052632)
DEBUG: send: 10000, remain: 1672632, total: (2380000/4052632)
DEBUG: send: 10000, remain: 1662632, total: (2390000/4052632)
DEBUG: send: 10000, remain: 1652632, total: (2400000/4052632)
DEBUG: send: 10000, remain: 1642632, total: (2410000/4052632)
DEBUG: send: 10000, remain: 1632632, total: (2420000/4052632)
DEBUG: send: 10000, remain: 1622632, total: (2430000/4052632)
DEBUG: send: 10000, remain: 1612632, total: (2440000/4052632)
DEBUG: send: 10000, remain: 1602632, total: (2450000/4052632)
DEBUG: send: 10000, remain: 1592632, total: (2460000/4052632)
DEBUG: send: 10000, remain: 1582632, total: (2470000/4052632)
DEBUG: send: 10000, remain: 1572632, total: (2480000/4052632)
DEBUG: send: 10000, remain: 1562632, total: (2490000/4052632)
DEBUG: send: 10000, remain: 1552632, total: (2500000/4052632)
DEBUG: send: 10000, remain: 1542632, total: (2510000/4052632)
DEBUG: send: 10000, remain: 1532632, total: (2520000/4052632)
DEBUG: send: 10000, remain: 1522632, total: (2530000/4052632)
DEBUG: send: 10000, remain: 1512632, total: (2540000/4052632)
DEBUG: send: 10000, remain: 1502632, total: (2550000/4052632)
DEBUG: send: 10000, remain: 1492632, total: (2560000/4052632)
DEBUG: send: 10000, remain: 1482632, total: (2570000/4052632)
DEBUG: send: 10000, remain: 1472632, total: (2580000/4052632)
DEBUG: send: 10000, remain: 1462632, total: (2590000/4052632)
DEBUG: send: 10000, remain: 1452632, total: (2600000/4052632)
DEBUG: send: 10000, remain: 1442632, total: (2610000/4052632)
DEBUG: send: 10000, remain: 1432632, total: (2620000/4052632)
DEBUG: send: 10000, remain: 1422632, total: (2630000/4052632)
DEBUG: retrans time: 1

DEBUG: send: 10000, remain: 1412632, total: (2640000/4052632)
DEBUG: send: 10000, remain: 1402632, total: (2650000/4052632)
DEBUG: send: 10000, remain: 1392632, total: (2660000/4052632)
DEBUG: send: 10000, remain: 1382632, total: (2670000/4052632)
DEBUG: send: 10000, remain: 1372632, total: (2680000/4052632)
DEBUG: send: 10000, remain: 1362632, total: (2690000/4052632)
DEBUG: send: 10000, remain: 1352632, total: (2700000/4052632)
DEBUG: send: 10000, remain: 1342632, total: (2710000/4052632)
DEBUG: retrans time: 1

DEBUG: send: 10000, remain: 1332632, total: (2720000/4052632)
DEBUG: send: 10000, remain: 1322632, total: (2730000/4052632)
DEBUG: send: 10000, remain: 1312632, total: (2740000/4052632)
DEBUG: retrans time: 1

DEBUG: send: 10000, remain: 1302632, total: (2750000/4052632)
DEBUG: send: 10000, remain: 1292632, total: (2760000/4052632)
DEBUG: send: 10000, remain: 1282632, total: (2770000/4052632)
DEBUG: send: 10000, remain: 1272632, total: (2780000/4052632)
DEBUG: send: 10000, remain: 1262632, total: (2790000/4052632)
DEBUG: send: 10000, remain: 1252632, total: (2800000/4052632)
DEBUG: send: 10000, remain: 1242632, total: (2810000/4052632)
DEBUG: retrans time: 1

DEBUG: send: 10000, remain: 1232632, total: (2820000/4052632)
DEBUG: send: 10000, remain: 1222632, total: (2830000/4052632)
DEBUG: send: 10000, remain: 1212632, total: (2840000/4052632)
DEBUG: send: 10000, remain: 1202632, total: (2850000/4052632)
DEBUG: send: 10000, remain: 1192632, total: (2860000/4052632)
DEBUG: send: 10000, remain: 1182632, total: (2870000/4052632)
DEBUG: send: 10000, remain: 1172632, total: (2880000/4052632)
DEBUG: send: 10000, remain: 1162632, total: (2890000/4052632)
DEBUG: send: 10000, remain: 1152632, total: (2900000/4052632)
DEBUG: send: 10000, remain: 1142632, total: (2910000/4052632)
DEBUG: send: 10000, remain: 1132632, total: (2920000/4052632)
DEBUG: send: 10000, remain: 1122632, total: (2930000/4052632)
DEBUG: send: 10000, remain: 1112632, total: (2940000/4052632)
DEBUG: send: 10000, remain: 1102632, total: (2950000/4052632)
DEBUG: send: 10000, remain: 1092632, total: (2960000/4052632)
DEBUG: send: 10000, remain: 1082632, total: (2970000/4052632)
DEBUG: send: 10000, remain: 1072632, total: (2980000/4052632)
DEBUG: send: 10000, remain: 1062632, total: (2990000/4052632)
DEBUG: send: 10000, remain: 1052632, total: (3000000/4052632)
DEBUG: send: 10000, remain: 1042632, total: (3010000/4052632)
DEBUG: send: 10000, remain: 1032632, total: (3020000/4052632)
DEBUG: send: 10000, remain: 1022632, total: (3030000/4052632)
DEBUG: send: 10000, remain: 1012632, total: (3040000/4052632)
DEBUG: send: 10000, remain: 1002632, total: (3050000/4052632)
DEBUG: send: 10000, remain: 992632, total: (3060000/4052632)
DEBUG: send: 10000, remain: 982632, total: (3070000/4052632)
DEBUG: send: 10000, remain: 972632, total: (3080000/4052632)
DEBUG: send: 10000, remain: 962632, total: (3090000/4052632)
DEBUG: send: 10000, remain: 952632, total: (3100000/4052632)
DEBUG: send: 10000, remain: 942632, total: (3110000/4052632)
DEBUG: send: 10000, remain: 932632, total: (3120000/4052632)
DEBUG: send: 10000, remain: 922632, total: (3130000/4052632)
DEBUG: send: 10000, remain: 912632, total: (3140000/4052632)
DEBUG: send: 10000, remain: 902632, total: (3150000/4052632)
DEBUG: send: 10000, remain: 892632, total: (3160000/4052632)
DEBUG: send: 10000, remain: 882632, total: (3170000/4052632)
DEBUG: send: 10000, remain: 872632, total: (3180000/4052632)
DEBUG: send: 10000, remain: 862632, total: (3190000/4052632)
DEBUG: send: 10000, remain: 852632, total: (3200000/4052632)
DEBUG: retrans time: 1

DEBUG: send: 10000, remain: 842632, total: (3210000/4052632)
DEBUG: send: 10000, remain: 832632, total: (3220000/4052632)
DEBUG: send: 10000, remain: 822632, total: (3230000/4052632)
DEBUG: retrans time: 1

DEBUG: send: 10000, remain: 812632, total: (3240000/4052632)
DEBUG: send: 10000, remain: 802632, total: (3250000/4052632)
DEBUG: send: 10000, remain: 792632, total: (3260000/4052632)
DEBUG: send: 10000, remain: 782632, total: (3270000/4052632)
DEBUG: send: 10000, remain: 772632, total: (3280000/4052632)
DEBUG: send: 10000, remain: 762632, total: (3290000/4052632)
DEBUG: send: 10000, remain: 752632, total: (3300000/4052632)
DEBUG: send: 10000, remain: 742632, total: (3310000/4052632)
DEBUG: send: 10000, remain: 732632, total: (3320000/4052632)
DEBUG: send: 10000, remain: 722632, total: (3330000/4052632)
DEBUG: send: 10000, remain: 712632, total: (3340000/4052632)
DEBUG: send: 10000, remain: 702632, total: (3350000/4052632)
DEBUG: send: 10000, remain: 692632, total: (3360000/4052632)
DEBUG: send: 10000, remain: 682632, total: (3370000/4052632)
DEBUG: send: 10000, remain: 672632, total: (3380000/4052632)
DEBUG: send: 10000, remain: 662632, total: (3390000/4052632)
DEBUG: retrans time: 1

DEBUG: send: 10000, remain: 652632, total: (3400000/4052632)
DEBUG: send: 10000, remain: 642632, total: (3410000/4052632)
DEBUG: send: 10000, remain: 632632, total: (3420000/4052632)
DEBUG: send: 10000, remain: 622632, total: (3430000/4052632)
DEBUG: send: 10000, remain: 612632, total: (3440000/4052632)
DEBUG: send: 10000, remain: 602632, total: (3450000/4052632)
DEBUG: send: 10000, remain: 592632, total: (3460000/4052632)
DEBUG: send: 10000, remain: 582632, total: (3470000/4052632)
DEBUG: send: 10000, remain: 572632, total: (3480000/4052632)
DEBUG: send: 10000, remain: 562632, total: (3490000/4052632)
DEBUG: retrans time: 1

DEBUG: send: 10000, remain: 552632, total: (3500000/4052632)
DEBUG: send: 10000, remain: 542632, total: (3510000/4052632)
DEBUG: send: 10000, remain: 532632, total: (3520000/4052632)
DEBUG: send: 10000, remain: 522632, total: (3530000/4052632)
DEBUG: send: 10000, remain: 512632, total: (3540000/4052632)
DEBUG: send: 10000, remain: 502632, total: (3550000/4052632)
DEBUG: send: 10000, remain: 492632, total: (3560000/4052632)
DEBUG: send: 10000, remain: 482632, total: (3570000/4052632)
DEBUG: send: 10000, remain: 472632, total: (3580000/4052632)
DEBUG: send: 10000, remain: 462632, total: (3590000/4052632)
DEBUG: send: 10000, remain: 452632, total: (3600000/4052632)
DEBUG: send: 10000, remain: 442632, total: (3610000/4052632)
DEBUG: send: 10000, remain: 432632, total: (3620000/4052632)
DEBUG: send: 10000, remain: 422632, total: (3630000/4052632)
DEBUG: send: 10000, remain: 412632, total: (3640000/4052632)
DEBUG: send: 10000, remain: 402632, total: (3650000/4052632)
DEBUG: send: 10000, remain: 392632, total: (3660000/4052632)
DEBUG: send: 10000, remain: 382632, total: (3670000/4052632)
DEBUG: send: 10000, remain: 372632, total: (3680000/4052632)
DEBUG: send: 10000, remain: 362632, total: (3690000/4052632)
DEBUG: send: 10000, remain: 352632, total: (3700000/4052632)
DEBUG: send: 10000, remain: 342632, total: (3710000/4052632)
DEBUG: send: 10000, remain: 332632, total: (3720000/4052632)
DEBUG: send: 10000, remain: 322632, total: (3730000/4052632)
DEBUG: send: 10000, remain: 312632, total: (3740000/4052632)
DEBUG: send: 10000, remain: 302632, total: (3750000/4052632)
DEBUG: send: 10000, remain: 292632, total: (3760000/4052632)
DEBUG: send: 10000, remain: 282632, total: (3770000/4052632)
DEBUG: send: 10000, remain: 272632, total: (3780000/4052632)
DEBUG: send: 10000, remain: 262632, total: (3790000/4052632)
DEBUG: send: 10000, remain: 252632, total: (3800000/4052632)
DEBUG: send: 10000, remain: 242632, total: (3810000/4052632)
DEBUG: send: 10000, remain: 232632, total: (3820000/4052632)
DEBUG: send: 10000, remain: 222632, total: (3830000/4052632)
DEBUG: send: 10000, remain: 212632, total: (3840000/4052632)
DEBUG: send: 10000, remain: 202632, total: (3850000/4052632)
DEBUG: retrans time: 1

DEBUG: send: 10000, remain: 192632, total: (3860000/4052632)
DEBUG: retrans time: 1

DEBUG: retrans time: 1

DEBUG: send: 10000, remain: 182632, total: (3870000/4052632)
DEBUG: send: 10000, remain: 172632, total: (3880000/4052632)
DEBUG: send: 10000, remain: 162632, total: (3890000/4052632)
DEBUG: send: 10000, remain: 152632, total: (3900000/4052632)
DEBUG: send: 10000, remain: 142632, total: (3910000/4052632)
DEBUG: send: 10000, remain: 132632, total: (3920000/4052632)
DEBUG: send: 10000, remain: 122632, total: (3930000/4052632)
DEBUG: send: 10000, remain: 112632, total: (3940000/4052632)
DEBUG: send: 10000, remain: 102632, total: (3950000/4052632)
DEBUG: send: 10000, remain: 92632, total: (3960000/4052632)
DEBUG: send: 10000, remain: 82632, total: (3970000/4052632)
DEBUG: send: 10000, remain: 72632, total: (3980000/4052632)
DEBUG: send: 10000, remain: 62632, total: (3990000/4052632)
DEBUG: send: 10000, remain: 52632, total: (4000000/4052632)
DEBUG: send: 10000, remain: 42632, total: (4010000/4052632)
DEBUG: send: 10000, remain: 32632, total: (4020000/4052632)
DEBUG: send: 10000, remain: 22632, total: (4030000/4052632)
DEBUG: send: 10000, remain: 12632, total: (4040000/4052632)
DEBUG: send: 10000, remain: 2632, total: (4050000/4052632)
DEBUG: send: 2632, remain: 0, total: (4052632/4052632)
DEBUG: 10.0.0.2:12345 switch state, from ESTABLISHED to FIN_WAIT-1.
DEBUG: 10.0.0.2:12345 switch state, from FIN_WAIT-1 to FIN_WAIT-2.
DEBUG: 10.0.0.2:12345 switch state, from FIN_WAIT-2 to TIME_WAIT.
